<?xml version="1.0" encoding="UTF-8"?>
<testng-results skipped="0" failed="0" total="2" passed="2">
  <reporter-output>
  </reporter-output>
  <suite name="Default suite" duration-ms="49736" started-at="2019-11-02T05:43:52Z" finished-at="2019-11-02T05:44:41Z">
    <groups>
    </groups>
    <test name="Default test" duration-ms="49736" started-at="2019-11-02T05:43:52Z" finished-at="2019-11-02T05:44:41Z">
      <class name="crmTestCases.loginTest">
        <test-method status="PASS" signature="setup()[pri:0, instance:crmTestCases.loginTest@51565ec2]" name="setup" is-config="true" duration-ms="23561" started-at="2019-11-02T11:13:52Z" finished-at="2019-11-02T11:14:15Z">
          <reporter-output>
          </reporter-output>
        </test-method> <!-- setup -->
        <test-method status="PASS" signature="loginTest()[pri:0, instance:crmTestCases.loginTest@51565ec2]" name="loginTest" duration-ms="5906" started-at="2019-11-02T11:14:15Z" finished-at="2019-11-02T11:14:21Z">
          <reporter-output>
          </reporter-output>
        </test-method> <!-- loginTest -->
        <test-method status="PASS" signature="tearDown()[pri:0, instance:crmTestCases.loginTest@51565ec2]" name="tearDown" is-config="true" duration-ms="1523" started-at="2019-11-02T11:14:21Z" finished-at="2019-11-02T11:14:23Z">
          <reporter-output>
          </reporter-output>
        </test-method> <!-- tearDown -->
        <test-method status="PASS" signature="setup()[pri:0, instance:crmTestCases.loginTest@51565ec2]" name="setup" is-config="true" duration-ms="17339" started-at="2019-11-02T11:14:23Z" finished-at="2019-11-02T11:14:40Z">
          <reporter-output>
          </reporter-output>
        </test-method> <!-- setup -->
        <test-method status="PASS" signature="loginpageTest()[pri:0, instance:crmTestCases.loginTest@51565ec2]" name="loginpageTest" duration-ms="62" started-at="2019-11-02T11:14:40Z" finished-at="2019-11-02T11:14:40Z">
          <reporter-output>
          </reporter-output>
        </test-method> <!-- loginpageTest -->
        <test-method status="PASS" signature="tearDown()[pri:0, instance:crmTestCases.loginTest@51565ec2]" name="tearDown" is-config="true" duration-ms="1306" started-at="2019-11-02T11:14:40Z" finished-at="2019-11-02T11:14:41Z">
          <reporter-output>
          </reporter-output>
        </test-method> <!-- tearDown -->
      </class> <!-- crmTestCases.loginTest -->
    </test> <!-- Default test -->
  </suite> <!-- Default suite -->
</testng-results>
